2023-07-04 01:52:58 error: uncaughtException: Cannot read properties of undefined (reading 'length')
TypeError: Cannot read properties of undefined (reading 'length')
    at pathtoRegexp (/home/rabindranath/Documents/Backend/yt-node-api-superheroues/node_modules/path-to-regexp/index.js:63:49)
    at new Layer (/home/rabindranath/Documents/Backend/yt-node-api-superheroues/node_modules/express/lib/router/layer.js:45:17)
    at Function.route (/home/rabindranath/Documents/Backend/yt-node-api-superheroues/node_modules/express/lib/router/index.js:505:15)
    at Function.proto.<computed> [as all] (/home/rabindranath/Documents/Backend/yt-node-api-superheroues/node_modules/express/lib/router/index.js:520:22)
    at file:///home/rabindranath/Documents/Backend/yt-node-api-superheroues/src/routes/powers.routes.js:8:8
    at ModuleJob.run (node:internal/modules/esm/module_job:198:25)
    at async Promise.all (index 0)
    at async ESMLoader.import (node:internal/modules/esm/loader:385:24)
    at async loadESM (node:internal/process/esm_loader:88:5)
    at async handleMainPromise (node:internal/modules/run_main:61:12)
2023-07-04 01:53:00 error: uncaughtException: Cannot read properties of undefined (reading 'length')
TypeError: Cannot read properties of undefined (reading 'length')
    at pathtoRegexp (/home/rabindranath/Documents/Backend/yt-node-api-superheroues/node_modules/path-to-regexp/index.js:63:49)
    at new Layer (/home/rabindranath/Documents/Backend/yt-node-api-superheroues/node_modules/express/lib/router/layer.js:45:17)
    at Function.route (/home/rabindranath/Documents/Backend/yt-node-api-superheroues/node_modules/express/lib/router/index.js:505:15)
    at Function.proto.<computed> [as get] (/home/rabindranath/Documents/Backend/yt-node-api-superheroues/node_modules/express/lib/router/index.js:520:22)
    at file:///home/rabindranath/Documents/Backend/yt-node-api-superheroues/src/routes/powers.routes.js:8:8
    at ModuleJob.run (node:internal/modules/esm/module_job:198:25)
    at async Promise.all (index 0)
    at async ESMLoader.import (node:internal/modules/esm/loader:385:24)
    at async loadESM (node:internal/process/esm_loader:88:5)
    at async handleMainPromise (node:internal/modules/run_main:61:12)
2023-07-04 01:53:10 error: uncaughtException: getA is not defined
ReferenceError: getA is not defined
    at file:///home/rabindranath/Documents/Backend/yt-node-api-superheroues/src/routes/powers.routes.js:8:21
    at ModuleJob.run (node:internal/modules/esm/module_job:198:25)
    at async Promise.all (index 0)
    at async ESMLoader.import (node:internal/modules/esm/loader:385:24)
    at async loadESM (node:internal/process/esm_loader:88:5)
    at async handleMainPromise (node:internal/modules/run_main:61:12)
2023-07-04 01:53:21 error: uncaughtException: Cannot read properties of undefined (reading 'length')
TypeError: Cannot read properties of undefined (reading 'length')
    at pathtoRegexp (/home/rabindranath/Documents/Backend/yt-node-api-superheroues/node_modules/path-to-regexp/index.js:63:49)
    at new Layer (/home/rabindranath/Documents/Backend/yt-node-api-superheroues/node_modules/express/lib/router/layer.js:45:17)
    at Function.route (/home/rabindranath/Documents/Backend/yt-node-api-superheroues/node_modules/express/lib/router/index.js:505:15)
    at Function.proto.<computed> [as post] (/home/rabindranath/Documents/Backend/yt-node-api-superheroues/node_modules/express/lib/router/index.js:520:22)
    at file:///home/rabindranath/Documents/Backend/yt-node-api-superheroues/src/routes/powers.routes.js:10:8
    at ModuleJob.run (node:internal/modules/esm/module_job:198:25)
    at async Promise.all (index 0)
    at async ESMLoader.import (node:internal/modules/esm/loader:385:24)
    at async loadESM (node:internal/process/esm_loader:88:5)
    at async handleMainPromise (node:internal/modules/run_main:61:12)
2023-07-04 01:53:55 error: uncaughtException: Cannot read properties of undefined (reading 'length')
TypeError: Cannot read properties of undefined (reading 'length')
    at pathtoRegexp (/home/rabindranath/Documents/Backend/yt-node-api-superheroues/node_modules/path-to-regexp/index.js:63:49)
    at new Layer (/home/rabindranath/Documents/Backend/yt-node-api-superheroues/node_modules/express/lib/router/layer.js:45:17)
    at Function.route (/home/rabindranath/Documents/Backend/yt-node-api-superheroues/node_modules/express/lib/router/index.js:505:15)
    at Function.proto.<computed> [as delete] (/home/rabindranath/Documents/Backend/yt-node-api-superheroues/node_modules/express/lib/router/index.js:520:22)
    at file:///home/rabindranath/Documents/Backend/yt-node-api-superheroues/src/routes/powers.routes.js:14:14
    at ModuleJob.run (node:internal/modules/esm/module_job:198:25)
    at async Promise.all (index 0)
    at async ESMLoader.import (node:internal/modules/esm/loader:385:24)
    at async loadESM (node:internal/process/esm_loader:88:5)
    at async handleMainPromise (node:internal/modules/run_main:61:12)
