2023-07-04 01:08:58 info: DB Connection successfully mongodb://
2023-07-04 01:09:22 info: DB Connection successfully mongodb://
2023-07-04 01:09:40 info: DB Connection successfully mongodb://
2023-07-04 01:09:45 info: DB Connection successfully mongodb://
2023-07-04 01:09:48 info: DB Connection successfully mongodb://
2023-07-04 01:09:52 info: DB Connection successfully mongodb://
2023-07-04 01:09:55 info: DB Connection successfully mongodb://
2023-07-04 01:10:05 info: DB Connection successfully mongodb://
2023-07-04 01:10:13 info: DB Connection successfully mongodb://
2023-07-04 01:10:18 info: DB Connection successfully mongodb://
2023-07-04 01:10:26 info: DB Connection successfully mongodb://
2023-07-04 01:10:40 info: DB Connection successfully mongodb://
2023-07-04 01:11:10 info: DB Connection successfully mongodb://
2023-07-04 01:11:26 info: [0mPOST /api/v1/superheroes [32m200[0m 30.769 ms - 144[0m
2023-07-04 01:11:52 info: [0mGET /api/v1/superheroes [32m200[0m 19.368 ms - 144[0m
2023-07-04 01:12:09 info: DB Connection successfully mongodb://
2023-07-04 01:12:37 info: DB Connection successfully mongodb://
2023-07-04 01:12:43 info: DB Connection successfully mongodb://
2023-07-04 01:12:51 info: DB Connection successfully mongodb://
2023-07-04 01:12:52 info: DB Connection successfully mongodb://
2023-07-04 01:12:54 info: DB Connection successfully mongodb://
2023-07-04 01:12:57 info: DB Connection successfully mongodb://
2023-07-04 01:13:02 info: DB Connection successfully mongodb://
2023-07-04 01:13:05 info: DB Connection successfully mongodb://
2023-07-04 01:13:24 info: [0mGET /api/v1/superheroes/64a3559e32ed368bae9a7d8d [32m200[0m 24.856 ms - 149[0m
2023-07-04 01:13:40 info: [0mPOST /api/v1/superheroes [32m200[0m 29.425 ms - 146[0m
2023-07-04 01:13:44 info: [0mPOST /api/v1/superheroes [32m200[0m 6.211 ms - 146[0m
2023-07-04 01:13:56 info: DB Connection successfully mongodb://
2023-07-04 01:14:06 info: DB Connection successfully mongodb://
2023-07-04 01:14:21 info: DB Connection successfully mongodb://
2023-07-04 01:14:26 info: DB Connection successfully mongodb://
2023-07-04 01:14:27 info: DB Connection successfully mongodb://
2023-07-04 01:14:29 info: DB Connection successfully mongodb://
2023-07-04 01:14:32 info: DB Connection successfully mongodb://
2023-07-04 01:14:37 info: DB Connection successfully mongodb://
2023-07-04 01:14:38 info: DB Connection successfully mongodb://
2023-07-04 01:14:45 info: [0mDELETE /api/v1/superheroes/64a35628f6fe3cb476d8ec05 [32m200[0m 5.554 ms - 34[0m
2023-07-04 01:15:31 info: DB Connection successfully mongodb://
2023-07-04 01:15:35 info: [0mDELETE /api/v1/superheroes/64a35628f6fe3cb476d8ec05 [32m200[0m 5.710 ms - 34[0m
2023-07-04 01:15:53 info: DB Connection successfully mongodb://
2023-07-04 01:15:56 info: [0mDELETE /api/v1/superheroes/64a35628f6fe3cb476d8ec05 [32m200[0m 5.952 ms - 34[0m
2023-07-04 01:16:13 info: DB Connection successfully mongodb://
2023-07-04 01:16:15 info: DB Connection successfully mongodb://
2023-07-04 01:16:39 info: [0mDELETE /api/v1/superheroes/64a35624f6fe3cb476d8ec03 [32m200[0m 5.769 ms - 59[0m
2023-07-04 01:17:34 info: DB Connection successfully mongodb://
2023-07-04 01:17:43 info: [0mDELETE /api/v1/superheroes/64a35628f6fe3cb476d8ec05 [32m200[0m 21.844 ms - 106[0m
2023-07-04 01:18:00 info: [0mDELETE /api/v1/superheroes/64a35628f6fe3cb476d8ec05 [32m200[0m 8.721 ms - 106[0m
2023-07-04 01:18:22 info: DB Connection successfully mongodb://
2023-07-04 01:18:23 info: DB Connection successfully mongodb://
2023-07-04 01:18:25 info: DB Connection successfully mongodb://
2023-07-04 01:18:53 info: DB Connection successfully mongodb://
2023-07-04 01:19:08 info: DB Connection successfully mongodb://
2023-07-04 01:19:10 info: DB Connection successfully mongodb://
2023-07-04 01:19:15 info: DB Connection successfully mongodb://
2023-07-04 01:19:19 info: DB Connection successfully mongodb://
2023-07-04 01:19:20 info: DB Connection successfully mongodb://
2023-07-04 01:19:22 info: DB Connection successfully mongodb://
2023-07-04 01:19:25 info: DB Connection successfully mongodb://
2023-07-04 01:19:33 info: DB Connection successfully mongodb://
2023-07-04 01:19:43 info: DB Connection successfully mongodb://
2023-07-04 01:19:48 info: DB Connection successfully mongodb://
2023-07-04 01:20:06 info: DB Connection successfully mongodb://
2023-07-04 01:20:27 info: DB Connection successfully mongodb://
2023-07-04 01:20:32 info: DB Connection successfully mongodb://
2023-07-04 01:20:39 info: DB Connection successfully mongodb://
2023-07-04 01:20:46 info: DB Connection successfully mongodb://
2023-07-04 01:20:53 info: DB Connection successfully mongodb://
2023-07-04 01:21:01 info: DB Connection successfully mongodb://
2023-07-04 01:21:17 info: DB Connection successfully mongodb://
2023-07-04 01:22:13 info: DB Connection successfully mongodb://
2023-07-04 01:22:17 info: DB Connection successfully mongodb://
2023-07-04 01:22:19 info: DB Connection successfully mongodb://
2023-07-04 01:22:23 info: DB Connection successfully mongodb://
2023-07-04 01:22:39 info: DB Connection successfully mongodb://
2023-07-04 01:22:47 info: DB Connection successfully mongodb://
2023-07-04 01:23:23 info: [0mPUT /api/v1/superheroes/64a35624f6fe3cb476d8ec03 [32m200[0m 33.135 ms - 151[0m
2023-07-04 01:23:49 info: DB Connection successfully mongodb://
2023-07-04 01:23:52 info: DB Connection successfully mongodb://
2023-07-04 01:24:01 info: [0mPUT /api/v1/superheroes/64a35624f6fe3cb476d8ec03 [32m200[0m 30.760 ms - 160[0m
2023-07-04 01:24:52 info: DB Connection successfully mongodb://
2023-07-04 01:24:55 info: DB Connection successfully mongodb://
2023-07-04 01:25:49 info: [0mGET /api/v1/superheroes/64a35624f6fe3cb476d8ec02 [32m200[0m 22.879 ms - 44[0m
2023-07-04 01:26:12 info: DB Connection successfully mongodb://
2023-07-04 01:26:18 info: DB Connection successfully mongodb://
2023-07-04 01:26:33 info: DB Connection successfully mongodb://
2023-07-04 01:26:40 info: DB Connection successfully mongodb://
2023-07-04 01:26:43 info: DB Connection successfully mongodb://
2023-07-04 01:26:46 info: DB Connection successfully mongodb://
2023-07-04 01:26:54 info: DB Connection successfully mongodb://
2023-07-04 01:26:55 info: DB Connection successfully mongodb://
2023-07-04 01:27:15 info: DB Connection successfully mongodb://
2023-07-04 01:27:30 info: DB Connection successfully mongodb://
2023-07-04 01:27:32 info: DB Connection successfully mongodb://
2023-07-04 01:27:35 info: DB Connection successfully mongodb://
2023-07-04 01:28:27 info: DB Connection successfully mongodb://
2023-07-04 01:28:54 info: [0mPOST /api/v1/superheroes [32m200[0m 46.924 ms - 26[0m
2023-07-04 01:37:21 info: DB Connection successfully mongodb://
2023-07-04 01:40:14 info: DB Connection successfully mongodb://
2023-07-04 01:40:25 info: DB Connection successfully mongodb://
2023-07-04 01:40:44 info: DB Connection successfully mongodb://
2023-07-04 01:41:04 info: DB Connection successfully mongodb://
2023-07-04 01:41:45 info: DB Connection successfully mongodb://
2023-07-04 01:41:49 info: DB Connection successfully mongodb://
2023-07-04 01:41:51 info: DB Connection successfully mongodb://
2023-07-04 01:42:07 info: DB Connection successfully mongodb://
2023-07-04 01:42:12 info: DB Connection successfully mongodb://
2023-07-04 01:42:28 info: DB Connection successfully mongodb://
2023-07-04 01:42:30 info: DB Connection successfully mongodb://
2023-07-04 01:42:45 info: DB Connection successfully mongodb://
2023-07-04 01:43:52 info: DB Connection successfully mongodb://
2023-07-04 01:44:00 info: DB Connection successfully mongodb://
2023-07-04 01:44:05 info: DB Connection successfully mongodb://
2023-07-04 01:44:07 info: DB Connection successfully mongodb://
2023-07-04 01:45:16 info: DB Connection successfully mongodb://
2023-07-04 01:45:29 info: DB Connection successfully mongodb://
2023-07-04 01:45:37 info: DB Connection successfully mongodb://
2023-07-04 01:45:46 info: DB Connection successfully mongodb://
2023-07-04 01:45:48 info: DB Connection successfully mongodb://
2023-07-04 01:45:52 info: DB Connection successfully mongodb://
2023-07-04 01:45:53 info: DB Connection successfully mongodb://
2023-07-04 01:46:00 info: DB Connection successfully mongodb://
2023-07-04 01:46:09 info: DB Connection successfully mongodb://
2023-07-04 01:46:22 info: DB Connection successfully mongodb://
2023-07-04 01:46:37 info: DB Connection successfully mongodb://
2023-07-04 01:46:44 info: DB Connection successfully mongodb://
2023-07-04 01:46:47 info: DB Connection successfully mongodb://
2023-07-04 01:46:49 info: DB Connection successfully mongodb://
2023-07-04 01:46:55 info: DB Connection successfully mongodb://
2023-07-04 01:46:57 info: DB Connection successfully mongodb://
2023-07-04 01:47:01 info: DB Connection successfully mongodb://
2023-07-04 01:47:18 info: DB Connection successfully mongodb://
2023-07-04 01:47:25 info: DB Connection successfully mongodb://
2023-07-04 01:47:36 info: DB Connection successfully mongodb://
2023-07-04 01:47:56 info: DB Connection successfully mongodb://
2023-07-04 01:48:01 info: DB Connection successfully mongodb://
2023-07-04 01:48:03 info: DB Connection successfully mongodb://
2023-07-04 01:48:05 info: DB Connection successfully mongodb://
2023-07-04 01:48:07 info: DB Connection successfully mongodb://
2023-07-04 01:48:09 info: DB Connection successfully mongodb://
2023-07-04 01:48:11 info: DB Connection successfully mongodb://
2023-07-04 01:48:12 info: DB Connection successfully mongodb://
2023-07-04 01:48:15 info: DB Connection successfully mongodb://
2023-07-04 01:48:25 info: DB Connection successfully mongodb://
2023-07-04 01:48:33 info: DB Connection successfully mongodb://
2023-07-04 01:48:36 info: DB Connection successfully mongodb://
2023-07-04 01:48:40 info: DB Connection successfully mongodb://
2023-07-04 01:48:48 info: DB Connection successfully mongodb://
2023-07-04 01:48:53 info: DB Connection successfully mongodb://
2023-07-04 01:49:01 info: DB Connection successfully mongodb://
2023-07-04 01:49:06 info: DB Connection successfully mongodb://
2023-07-04 01:49:07 info: DB Connection successfully mongodb://
2023-07-04 01:49:11 info: DB Connection successfully mongodb://
2023-07-04 01:49:15 info: DB Connection successfully mongodb://
2023-07-04 01:49:40 info: DB Connection successfully mongodb://
2023-07-04 01:49:47 info: DB Connection successfully mongodb://
2023-07-04 01:49:50 info: DB Connection successfully mongodb://
2023-07-04 01:49:52 info: DB Connection successfully mongodb://
2023-07-04 01:49:58 info: DB Connection successfully mongodb://
2023-07-04 01:50:12 info: DB Connection successfully mongodb://
2023-07-04 01:50:14 info: DB Connection successfully mongodb://
2023-07-04 01:50:19 info: DB Connection successfully mongodb://
2023-07-04 01:50:20 info: DB Connection successfully mongodb://
2023-07-04 01:50:23 info: DB Connection successfully mongodb://
2023-07-04 01:50:38 info: DB Connection successfully mongodb://
2023-07-04 01:52:23 info: DB Connection successfully mongodb://
2023-07-04 01:53:00 info: DB Connection successfully mongodb://
2023-07-04 01:53:02 info: DB Connection successfully mongodb://
2023-07-04 01:53:05 info: DB Connection successfully mongodb://
2023-07-04 01:53:13 info: DB Connection successfully mongodb://
2023-07-04 01:53:22 info: DB Connection successfully mongodb://
2023-07-04 01:53:23 info: DB Connection successfully mongodb://
2023-07-04 01:53:30 info: DB Connection successfully mongodb://
2023-07-04 01:53:38 info: DB Connection successfully mongodb://
2023-07-04 01:53:43 info: DB Connection successfully mongodb://
2023-07-04 01:53:59 info: DB Connection successfully mongodb://
2023-07-04 01:54:07 info: DB Connection successfully mongodb://
2023-07-04 01:54:51 info: [0mGET /api/v1/powers [33m404[0m 3.253 ms - 152[0m
2023-07-04 01:55:03 info: [0mGET /api/v1/power [32m200[0m 19.397 ms - 37[0m
2023-07-04 01:56:03 info: [0mPOST /api/v1/powers [33m404[0m 0.642 ms - 153[0m
2023-07-04 01:56:11 info: [0mPOST /api/v1/power [32m200[0m 34.132 ms - 136[0m
2023-07-04 01:56:46 info: [0mPOST /api/v1/power [32m200[0m 11.440 ms - 132[0m
2023-07-04 01:56:51 info: [0mGET /api/v1/power/64a3603e14952adc56d415fd [32m200[0m 7.279 ms - 137[0m
2023-07-04 01:58:02 info: [0mPUT /api/v1/power/64a3603e14952adc56d415fd [32m200[0m 17.708 ms - 145[0m
2023-07-04 01:58:22 info: [0mDELETE /api/v1/power/64a3603e14952adc56d415fd [32m200[0m 6.771 ms - 106[0m
2023-07-04 01:58:27 info: [0mDELETE /api/v1/power/64a3603e14952adc56d415fd [33m404[0m 4.517 ms - 38[0m
2023-07-04 01:58:36 info: [0mGET /api/v1/power/64a3603e14952adc56d415fd [33m404[0m 4.621 ms - 38[0m
